TN:
SF:server.js
FN:7,(anonymous_0)
FN:9,(anonymous_1)
FNF:2
FNH:2
FNDA:2,(anonymous_0)
FNDA:2,(anonymous_1)
DA:1,1
DA:2,1
DA:4,1
DA:7,1
DA:8,2
DA:9,2
DA:10,2
DA:11,2
DA:12,2
DA:14,1
DA:15,1
DA:16,1
DA:18,1
DA:25,1
DA:32,1
LF:15
LH:15
BRDA:12,0,0,1
BRDA:12,0,1,1
BRF:2
BRH:2
end_of_record
TN:
SF:client\nasaclient.js
FN:4,callNasa
FN:6,(anonymous_1)
FNF:2
FNH:0
FNDA:0,callNasa
FNDA:0,(anonymous_1)
DA:1,1
DA:6,0
DA:7,0
DA:8,0
DA:9,0
DA:15,1
LF:6
LH:2
BRDA:8,0,0,0
BRDA:8,0,1,0
BRF:2
BRH:0
end_of_record
